2022-09-20 16:37:57,686:INFO:PyCaret Supervised Module
2022-09-20 16:37:57,686:INFO:ML Usecase: classification
2022-09-20 16:37:57,686:INFO:version 2.3.10
2022-09-20 16:37:57,686:INFO:Initializing setup()
2022-09-20 16:37:57,687:INFO:setup(target=age, ml_usecase=classification, available_plots={'parameter': 'Hyperparameters', 'auc': 'AUC', 'confusion_matrix': 'Confusion Matrix', 'threshold': 'Threshold', 'pr': 'Precision Recall', 'error': 'Prediction Error', 'class_report': 'Class Report', 'rfe': 'Feature Selection', 'learning': 'Learning Curve', 'manifold': 'Manifold Learning', 'calibration': 'Calibration Curve', 'vc': 'Validation Curve', 'dimension': 'Dimensions', 'feature': 'Feature Importance', 'feature_all': 'Feature Importance (All)', 'boundary': 'Decision Boundary', 'lift': 'Lift Chart', 'gain': 'Gain Chart', 'tree': 'Decision Tree', 'ks': 'KS Statistic Plot'}, train_size=0.7, test_data=None, preprocess=True, imputation_type=simple, iterative_imputation_iters=5, categorical_features=None, categorical_imputation=constant, categorical_iterative_imputer=lightgbm, ordinal_features=None, high_cardinality_features=None, high_cardinality_method=frequency, numeric_features=None, numeric_imputation=mean, numeric_iterative_imputer=lightgbm, date_features=None, ignore_features=None, normalize=False, normalize_method=zscore, transformation=False, transformation_method=yeo-johnson, handle_unknown_categorical=True, unknown_categorical_method=least_frequent, pca=False, pca_method=linear, pca_components=None, ignore_low_variance=False, combine_rare_levels=False, rare_level_threshold=0.1, bin_numeric_features=None, remove_outliers=False, outliers_threshold=0.05, remove_multicollinearity=False, multicollinearity_threshold=0.9, remove_perfect_collinearity=True, create_clusters=False, cluster_iter=20, polynomial_features=False, polynomial_degree=2, trigonometry_features=False, polynomial_threshold=0.1, group_features=None, group_names=None, feature_selection=False, feature_selection_threshold=0.8, feature_selection_method=classic, feature_interaction=False, feature_ratio=False, interaction_threshold=0.01, fix_imbalance=False, fix_imbalance_method=None, transform_target=False, transform_target_method=box-cox, data_split_shuffle=True, data_split_stratify=False, fold_strategy=stratifiedkfold, fold=10, fold_shuffle=False, fold_groups=None, n_jobs=-1, use_gpu=False, custom_pipeline=None, html=True, session_id=0, log_experiment=False, experiment_name=None, experiment_custom_tags=None, log_plots=False, log_profile=False, log_data=False, silent=False, verbose=True, profile=False, profile_kwargs=None, display=None)
2022-09-20 16:37:57,687:INFO:Checking environment
2022-09-20 16:37:57,688:INFO:python_version: 3.8.5
2022-09-20 16:37:57,688:INFO:python_build: ('default', 'Sep  3 2020 21:29:08')
2022-09-20 16:37:57,688:INFO:machine: AMD64
2022-09-20 16:37:57,688:INFO:platform: Windows-10-10.0.22000-SP0
2022-09-20 16:37:57,688:INFO:Memory: svmem(total=17013329920, available=4925394944, percent=71.0, used=12087934976, free=4925394944)
2022-09-20 16:37:57,688:INFO:Physical Core: 4
2022-09-20 16:37:57,688:INFO:Logical Core: 8
2022-09-20 16:37:57,688:INFO:Checking libraries
2022-09-20 16:37:57,688:INFO:pd==1.4.4
2022-09-20 16:37:57,688:INFO:numpy==1.19.5
2022-09-20 16:37:57,688:INFO:sklearn==0.23.2
2022-09-20 16:37:57,688:INFO:lightgbm==3.3.2
2022-09-20 16:37:57,995:INFO:catboost==1.0.6
2022-09-20 16:37:57,995:INFO:xgboost==1.6.2
2022-09-20 16:37:57,996:INFO:mlflow==1.28.0
2022-09-20 16:37:57,996:INFO:Checking Exceptions
2022-09-20 16:37:57,996:INFO:Declaring global variables
2022-09-20 16:37:57,996:INFO:USI: 34d2
2022-09-20 16:37:57,996:INFO:pycaret_globals: {'display_container', '_ml_usecase', 'target_param', 'imputation_classifier', 'seed', 'fold_shuffle_param', 'create_model_container', 'stratify_param', 'y', 'fix_imbalance_param', 'iterative_imputation_iters_param', 'fix_imbalance_method_param', 'html_param', '_available_plots', 'y_train', 'USI', '_internal_pipeline', 'X', 'imputation_regressor', 'data_before_preprocess', 'transform_target_param', 'gpu_param', 'log_plots_param', 'fold_groups_param', 'X_train', 'fold_generator', 'logging_param', 'master_model_container', 'prep_pipe', '_all_models_internal', 'n_jobs_param', 'X_test', 'fold_groups_param_full', '_gpu_n_jobs_param', 'transform_target_method_param', 'y_test', '_all_models', 'fold_param', 'dashboard_logger', 'pycaret_globals', 'exp_name_log', 'experiment__', '_all_metrics'}
2022-09-20 16:37:57,996:INFO:Preparing display monitor
2022-09-20 16:37:57,996:INFO:Preparing display monitor
2022-09-20 16:37:58,025:INFO:Importing libraries
2022-09-20 16:37:58,025:INFO:Copying data for preprocessing
2022-09-20 16:37:58,048:INFO:Declaring preprocessing parameters
2022-09-20 16:37:58,058:INFO:Creating preprocessing pipeline
2022-09-20 16:37:58,324:INFO:Preprocessing pipeline created successfully
2022-09-20 16:37:58,324:ERROR:(Process Exit): setup has been interupted with user command 'quit'. setup must rerun.
2022-09-20 16:37:58,327:INFO:Creating global containers
2022-09-20 16:37:58,333:INFO:Internal pipeline: Pipeline(memory=None, steps=[('empty_step', 'passthrough')], verbose=False)
2022-09-20 16:38:27,999:INFO:Creating grid variables
2022-09-20 16:38:28,264:INFO:create_model_container: 0
2022-09-20 16:38:28,265:INFO:master_model_container: 0
2022-09-20 16:38:28,265:INFO:display_container: 1
2022-09-20 16:38:28,298:INFO:Pipeline(memory=None,
         steps=[('dtypes',
                 DataTypes_Auto_infer(categorical_features=[],
                                      display_types=True, features_todrop=[],
                                      id_columns=[],
                                      ml_usecase='classification',
                                      numerical_features=[], target='age',
                                      time_features=[])),
                ('imputer',
                 Simple_Imputer(categorical_strategy='not_available',
                                fill_value_categorical=None,
                                fill_value_numerical=None,
                                numeric_strategy...
                ('scaling', 'passthrough'), ('P_transform', 'passthrough'),
                ('binn', 'passthrough'), ('rem_outliers', 'passthrough'),
                ('cluster_all', 'passthrough'),
                ('dummy', Dummify(target='age')),
                ('fix_perfect', Remove_100(target='age')),
                ('clean_names', Clean_Colum_Names()),
                ('feature_select', 'passthrough'), ('fix_multi', 'passthrough'),
                ('dfs', 'passthrough'), ('pca', 'passthrough')],
         verbose=False)
2022-09-20 16:38:28,298:INFO:setup() succesfully completed......................................
2022-09-20 16:38:33,744:INFO:PyCaret Supervised Module
2022-09-20 16:38:33,744:INFO:ML Usecase: classification
2022-09-20 16:38:33,744:INFO:version 2.3.10
2022-09-20 16:38:33,744:INFO:Initializing setup()
2022-09-20 16:38:33,745:INFO:setup(target=age, ml_usecase=classification, available_plots={'parameter': 'Hyperparameters', 'auc': 'AUC', 'confusion_matrix': 'Confusion Matrix', 'threshold': 'Threshold', 'pr': 'Precision Recall', 'error': 'Prediction Error', 'class_report': 'Class Report', 'rfe': 'Feature Selection', 'learning': 'Learning Curve', 'manifold': 'Manifold Learning', 'calibration': 'Calibration Curve', 'vc': 'Validation Curve', 'dimension': 'Dimensions', 'feature': 'Feature Importance', 'feature_all': 'Feature Importance (All)', 'boundary': 'Decision Boundary', 'lift': 'Lift Chart', 'gain': 'Gain Chart', 'tree': 'Decision Tree', 'ks': 'KS Statistic Plot'}, train_size=0.7, test_data=None, preprocess=True, imputation_type=simple, iterative_imputation_iters=5, categorical_features=None, categorical_imputation=constant, categorical_iterative_imputer=lightgbm, ordinal_features=None, high_cardinality_features=None, high_cardinality_method=frequency, numeric_features=None, numeric_imputation=mean, numeric_iterative_imputer=lightgbm, date_features=None, ignore_features=None, normalize=False, normalize_method=zscore, transformation=False, transformation_method=yeo-johnson, handle_unknown_categorical=True, unknown_categorical_method=least_frequent, pca=False, pca_method=linear, pca_components=None, ignore_low_variance=False, combine_rare_levels=False, rare_level_threshold=0.1, bin_numeric_features=None, remove_outliers=False, outliers_threshold=0.05, remove_multicollinearity=False, multicollinearity_threshold=0.9, remove_perfect_collinearity=True, create_clusters=False, cluster_iter=20, polynomial_features=False, polynomial_degree=2, trigonometry_features=False, polynomial_threshold=0.1, group_features=None, group_names=None, feature_selection=False, feature_selection_threshold=0.8, feature_selection_method=classic, feature_interaction=False, feature_ratio=False, interaction_threshold=0.01, fix_imbalance=False, fix_imbalance_method=None, transform_target=False, transform_target_method=box-cox, data_split_shuffle=True, data_split_stratify=False, fold_strategy=stratifiedkfold, fold=10, fold_shuffle=False, fold_groups=None, n_jobs=-1, use_gpu=False, custom_pipeline=None, html=True, session_id=0, log_experiment=False, experiment_name=None, experiment_custom_tags=None, log_plots=False, log_profile=False, log_data=False, silent=False, verbose=True, profile=False, profile_kwargs=None, display=None)
2022-09-20 16:38:33,745:INFO:Checking environment
2022-09-20 16:38:33,745:INFO:python_version: 3.8.5
2022-09-20 16:38:33,745:INFO:python_build: ('default', 'Sep  3 2020 21:29:08')
2022-09-20 16:38:33,745:INFO:machine: AMD64
2022-09-20 16:38:33,745:INFO:platform: Windows-10-10.0.22000-SP0
2022-09-20 16:38:33,745:INFO:Memory: svmem(total=17013329920, available=4755247104, percent=72.0, used=12258082816, free=4755247104)
2022-09-20 16:38:33,746:INFO:Physical Core: 4
2022-09-20 16:38:33,746:INFO:Logical Core: 8
2022-09-20 16:38:33,746:INFO:Checking libraries
2022-09-20 16:38:33,746:INFO:pd==1.4.4
2022-09-20 16:38:33,746:INFO:numpy==1.19.5
2022-09-20 16:38:33,746:INFO:sklearn==0.23.2
2022-09-20 16:38:33,746:INFO:lightgbm==3.3.2
2022-09-20 16:38:33,746:INFO:catboost==1.0.6
2022-09-20 16:38:33,747:INFO:xgboost==1.6.2
2022-09-20 16:38:33,747:INFO:mlflow==1.28.0
2022-09-20 16:38:33,747:INFO:Checking Exceptions
2022-09-20 16:38:33,747:INFO:Declaring global variables
2022-09-20 16:38:33,747:INFO:USI: e466
2022-09-20 16:38:33,747:INFO:pycaret_globals: {'display_container', '_ml_usecase', 'target_param', 'imputation_classifier', 'seed', 'fold_shuffle_param', 'create_model_container', 'stratify_param', 'y', 'fix_imbalance_param', 'iterative_imputation_iters_param', 'fix_imbalance_method_param', 'html_param', '_available_plots', 'y_train', 'USI', '_internal_pipeline', 'X', 'imputation_regressor', 'data_before_preprocess', 'transform_target_param', 'gpu_param', 'log_plots_param', 'fold_groups_param', 'X_train', 'fold_generator', 'logging_param', 'master_model_container', 'prep_pipe', '_all_models_internal', 'n_jobs_param', 'X_test', 'fold_groups_param_full', '_gpu_n_jobs_param', 'transform_target_method_param', 'y_test', '_all_models', 'fold_param', 'dashboard_logger', 'pycaret_globals', 'exp_name_log', 'experiment__', '_all_metrics'}
2022-09-20 16:38:33,747:INFO:Preparing display monitor
2022-09-20 16:38:33,748:INFO:Preparing display monitor
2022-09-20 16:38:33,772:INFO:Importing libraries
2022-09-20 16:38:33,772:INFO:Copying data for preprocessing
2022-09-20 16:38:33,793:INFO:Declaring preprocessing parameters
2022-09-20 16:38:33,807:INFO:Creating preprocessing pipeline
2022-09-20 16:38:34,071:INFO:Preprocessing pipeline created successfully
2022-09-20 16:38:34,071:ERROR:(Process Exit): setup has been interupted with user command 'quit'. setup must rerun.
2022-09-20 16:38:34,071:INFO:Creating global containers
2022-09-20 16:38:34,072:INFO:Internal pipeline: Pipeline(memory=None, steps=[('empty_step', 'passthrough')], verbose=False)
2022-09-20 16:39:39,156:INFO:Creating grid variables
2022-09-20 16:39:39,419:INFO:create_model_container: 0
2022-09-20 16:39:39,421:INFO:master_model_container: 0
2022-09-20 16:39:39,421:INFO:display_container: 1
2022-09-20 16:39:39,449:INFO:Pipeline(memory=None,
         steps=[('dtypes',
                 DataTypes_Auto_infer(categorical_features=[],
                                      display_types=True, features_todrop=[],
                                      id_columns=[],
                                      ml_usecase='classification',
                                      numerical_features=[], target='age',
                                      time_features=[])),
                ('imputer',
                 Simple_Imputer(categorical_strategy='not_available',
                                fill_value_categorical=None,
                                fill_value_numerical=None,
                                numeric_strategy...
                ('scaling', 'passthrough'), ('P_transform', 'passthrough'),
                ('binn', 'passthrough'), ('rem_outliers', 'passthrough'),
                ('cluster_all', 'passthrough'),
                ('dummy', Dummify(target='age')),
                ('fix_perfect', Remove_100(target='age')),
                ('clean_names', Clean_Colum_Names()),
                ('feature_select', 'passthrough'), ('fix_multi', 'passthrough'),
                ('dfs', 'passthrough'), ('pca', 'passthrough')],
         verbose=False)
2022-09-20 16:39:39,450:INFO:setup() succesfully completed......................................
2022-09-20 16:41:44,401:INFO:PyCaret Supervised Module
2022-09-20 16:41:44,403:INFO:ML Usecase: classification
2022-09-20 16:41:44,403:INFO:version 2.3.10
2022-09-20 16:41:44,404:INFO:Initializing setup()
2022-09-20 16:41:44,405:INFO:setup(target=age, ml_usecase=classification, available_plots={'parameter': 'Hyperparameters', 'auc': 'AUC', 'confusion_matrix': 'Confusion Matrix', 'threshold': 'Threshold', 'pr': 'Precision Recall', 'error': 'Prediction Error', 'class_report': 'Class Report', 'rfe': 'Feature Selection', 'learning': 'Learning Curve', 'manifold': 'Manifold Learning', 'calibration': 'Calibration Curve', 'vc': 'Validation Curve', 'dimension': 'Dimensions', 'feature': 'Feature Importance', 'feature_all': 'Feature Importance (All)', 'boundary': 'Decision Boundary', 'lift': 'Lift Chart', 'gain': 'Gain Chart', 'tree': 'Decision Tree', 'ks': 'KS Statistic Plot'}, train_size=0.7, test_data=None, preprocess=True, imputation_type=simple, iterative_imputation_iters=5, categorical_features=None, categorical_imputation=constant, categorical_iterative_imputer=lightgbm, ordinal_features=None, high_cardinality_features=None, high_cardinality_method=frequency, numeric_features=None, numeric_imputation=mean, numeric_iterative_imputer=lightgbm, date_features=None, ignore_features=None, normalize=False, normalize_method=zscore, transformation=False, transformation_method=yeo-johnson, handle_unknown_categorical=True, unknown_categorical_method=least_frequent, pca=False, pca_method=linear, pca_components=None, ignore_low_variance=False, combine_rare_levels=False, rare_level_threshold=0.1, bin_numeric_features=None, remove_outliers=False, outliers_threshold=0.05, remove_multicollinearity=False, multicollinearity_threshold=0.9, remove_perfect_collinearity=True, create_clusters=False, cluster_iter=20, polynomial_features=False, polynomial_degree=2, trigonometry_features=False, polynomial_threshold=0.1, group_features=None, group_names=None, feature_selection=False, feature_selection_threshold=0.8, feature_selection_method=classic, feature_interaction=False, feature_ratio=False, interaction_threshold=0.01, fix_imbalance=False, fix_imbalance_method=None, transform_target=False, transform_target_method=box-cox, data_split_shuffle=True, data_split_stratify=False, fold_strategy=stratifiedkfold, fold=10, fold_shuffle=False, fold_groups=None, n_jobs=-1, use_gpu=False, custom_pipeline=None, html=True, session_id=0, log_experiment=False, experiment_name=None, experiment_custom_tags=None, log_plots=False, log_profile=False, log_data=False, silent=False, verbose=True, profile=False, profile_kwargs=None, display=None)
2022-09-20 16:41:44,405:INFO:Checking environment
2022-09-20 16:41:44,405:INFO:python_version: 3.8.5
2022-09-20 16:41:44,405:INFO:python_build: ('default', 'Sep  3 2020 21:29:08')
2022-09-20 16:41:44,406:INFO:machine: AMD64
2022-09-20 16:41:44,406:INFO:platform: Windows-10-10.0.22000-SP0
2022-09-20 16:41:44,406:INFO:Memory: svmem(total=17013329920, available=4952989696, percent=70.9, used=12060340224, free=4952989696)
2022-09-20 16:41:44,406:INFO:Physical Core: 4
2022-09-20 16:41:44,406:INFO:Logical Core: 8
2022-09-20 16:41:44,407:INFO:Checking libraries
2022-09-20 16:41:44,407:INFO:pd==1.4.4
2022-09-20 16:41:44,407:INFO:numpy==1.19.5
2022-09-20 16:41:44,407:INFO:sklearn==0.23.2
2022-09-20 16:41:44,408:INFO:lightgbm==3.3.2
2022-09-20 16:41:44,408:INFO:catboost==1.0.6
2022-09-20 16:41:44,408:INFO:xgboost==1.6.2
2022-09-20 16:41:44,408:INFO:mlflow==1.28.0
2022-09-20 16:41:44,408:INFO:Checking Exceptions
2022-09-20 16:41:44,409:INFO:Declaring global variables
2022-09-20 16:41:44,409:INFO:USI: 8d41
2022-09-20 16:41:44,409:INFO:pycaret_globals: {'display_container', '_ml_usecase', 'target_param', 'imputation_classifier', 'seed', 'fold_shuffle_param', 'create_model_container', 'stratify_param', 'y', 'fix_imbalance_param', 'iterative_imputation_iters_param', 'fix_imbalance_method_param', 'html_param', '_available_plots', 'y_train', 'USI', '_internal_pipeline', 'X', 'imputation_regressor', 'data_before_preprocess', 'transform_target_param', 'gpu_param', 'log_plots_param', 'fold_groups_param', 'X_train', 'fold_generator', 'logging_param', 'master_model_container', 'prep_pipe', '_all_models_internal', 'n_jobs_param', 'X_test', 'fold_groups_param_full', '_gpu_n_jobs_param', 'transform_target_method_param', 'y_test', '_all_models', 'fold_param', 'dashboard_logger', 'pycaret_globals', 'exp_name_log', 'experiment__', '_all_metrics'}
2022-09-20 16:41:44,409:INFO:Preparing display monitor
2022-09-20 16:41:44,409:INFO:Preparing display monitor
2022-09-20 16:41:44,442:INFO:Importing libraries
2022-09-20 16:41:44,442:INFO:Copying data for preprocessing
2022-09-20 16:41:44,471:INFO:Declaring preprocessing parameters
2022-09-20 16:41:44,477:INFO:Creating preprocessing pipeline
2022-09-20 16:41:44,663:INFO:Preprocessing pipeline created successfully
2022-09-20 16:41:44,663:ERROR:(Process Exit): setup has been interupted with user command 'quit'. setup must rerun.
2022-09-20 16:41:44,663:INFO:Creating global containers
2022-09-20 16:41:44,663:INFO:Internal pipeline: Pipeline(memory=None, steps=[('empty_step', 'passthrough')], verbose=False)
2022-09-20 16:42:14,813:INFO:Creating grid variables
2022-09-20 16:42:14,904:INFO:create_model_container: 0
2022-09-20 16:42:14,904:INFO:master_model_container: 0
2022-09-20 16:42:14,905:INFO:display_container: 1
2022-09-20 16:42:14,920:INFO:Pipeline(memory=None,
         steps=[('dtypes',
                 DataTypes_Auto_infer(categorical_features=[],
                                      display_types=True, features_todrop=[],
                                      id_columns=[],
                                      ml_usecase='classification',
                                      numerical_features=[], target='age',
                                      time_features=[])),
                ('imputer',
                 Simple_Imputer(categorical_strategy='not_available',
                                fill_value_categorical=None,
                                fill_value_numerical=None,
                                numeric_strategy...
                ('scaling', 'passthrough'), ('P_transform', 'passthrough'),
                ('binn', 'passthrough'), ('rem_outliers', 'passthrough'),
                ('cluster_all', 'passthrough'),
                ('dummy', Dummify(target='age')),
                ('fix_perfect', Remove_100(target='age')),
                ('clean_names', Clean_Colum_Names()),
                ('feature_select', 'passthrough'), ('fix_multi', 'passthrough'),
                ('dfs', 'passthrough'), ('pca', 'passthrough')],
         verbose=False)
2022-09-20 16:42:14,920:INFO:setup() succesfully completed......................................
2022-09-20 16:42:49,196:INFO:Initializing compare_models()
2022-09-20 16:42:49,197:INFO:compare_models(include=None, fold=None, round=4, cross_validation=True, sort=Accuracy, n_select=1, budget_time=None, turbo=True, errors=ignore, fit_kwargs=None, groups=None, experiment_custom_tags=None, probability_threshold=None, verbose=True, display=None, exclude=None)
2022-09-20 16:42:49,197:INFO:Checking exceptions
2022-09-20 16:42:49,199:INFO:Preparing display monitor
2022-09-20 16:42:49,200:INFO:Preparing display monitor
2022-09-20 16:42:49,258:INFO:Initializing Logistic Regression
2022-09-20 16:42:49,260:INFO:Total runtime is 2.847909927368164e-05 minutes
2022-09-20 16:42:49,277:INFO:SubProcess create_model() called ==================================
2022-09-20 16:42:49,278:INFO:Initializing create_model()
2022-09-20 16:42:49,278:INFO:create_model(estimator=lr, fold=StratifiedKFold(n_splits=10, random_state=None, shuffle=False), round=4, cross_validation=True, predict=True, fit_kwargs={}, groups=None, refit=False, verbose=False, system=False, metrics=None, experiment_custom_tags=None, add_to_model_list=True, probability_threshold=None, display=<pycaret.internal.Display.Display object at 0x000001DB49519190>, return_train_score=False, kwargs={})
2022-09-20 16:42:49,279:INFO:Checking exceptions
2022-09-20 16:42:49,279:INFO:Importing libraries
2022-09-20 16:42:49,279:INFO:Copying training dataset
2022-09-20 16:42:49,410:INFO:Defining folds
2022-09-20 16:42:49,410:INFO:Declaring metric variables
2022-09-20 16:42:49,424:INFO:Importing untrained model
2022-09-20 16:42:49,438:INFO:Logistic Regression Imported succesfully
2022-09-20 16:42:49,470:INFO:Starting cross validation
2022-09-20 16:42:49,471:INFO:Cross validating with StratifiedKFold(n_splits=10, random_state=None, shuffle=False), n_jobs=-1
2022-09-20 16:43:02,094:INFO:Calculating mean and std
2022-09-20 16:43:02,097:INFO:Creating metrics dataframe
2022-09-20 16:43:02,133:INFO:Uploading results into container
2022-09-20 16:43:02,134:INFO:Uploading model into container now
2022-09-20 16:43:02,134:INFO:create_model_container: 1
2022-09-20 16:43:02,134:INFO:master_model_container: 1
2022-09-20 16:43:02,134:INFO:display_container: 2
2022-09-20 16:43:02,136:INFO:LogisticRegression(C=1.0, class_weight=None, dual=False, fit_intercept=True,
                   intercept_scaling=1, l1_ratio=None, max_iter=1000,
                   multi_class='auto', n_jobs=None, penalty='l2',
                   random_state=0, solver='lbfgs', tol=0.0001, verbose=0,
                   warm_start=False)
2022-09-20 16:43:02,136:INFO:create_model() succesfully completed......................................
2022-09-20 16:43:02,345:WARNING:create_model() for LogisticRegression(C=1.0, class_weight=None, dual=False, fit_intercept=True,
                   intercept_scaling=1, l1_ratio=None, max_iter=1000,
                   multi_class='auto', n_jobs=None, penalty='l2',
                   random_state=0, solver='lbfgs', tol=0.0001, verbose=0,
                   warm_start=False) raised an exception or returned all 0.0, trying without fit_kwargs:
2022-09-20 16:43:02,394:WARNING:Traceback (most recent call last):
  File "c:\Users\kevmi\anaconda3\lib\site-packages\pycaret\internal\tabular.py", line 2205, in compare_models
    assert np.sum(model_results.iloc[0]) != 0.0
AssertionError

2022-09-20 16:43:02,395:INFO:Initializing create_model()
2022-09-20 16:43:02,395:INFO:create_model(estimator=lr, fold=StratifiedKFold(n_splits=10, random_state=None, shuffle=False), round=4, cross_validation=True, predict=True, fit_kwargs={}, groups=None, refit=False, verbose=False, system=False, metrics=None, experiment_custom_tags=None, add_to_model_list=True, probability_threshold=None, display=<pycaret.internal.Display.Display object at 0x000001DB49519190>, return_train_score=False, kwargs={})
2022-09-20 16:43:02,395:INFO:Checking exceptions
2022-09-20 16:43:02,395:INFO:Importing libraries
2022-09-20 16:43:02,395:INFO:Copying training dataset
2022-09-20 16:43:02,555:INFO:Defining folds
2022-09-20 16:43:02,556:INFO:Declaring metric variables
2022-09-20 16:43:02,569:INFO:Importing untrained model
2022-09-20 16:43:02,583:INFO:Logistic Regression Imported succesfully
2022-09-20 16:43:02,616:INFO:Starting cross validation
2022-09-20 16:43:02,617:INFO:Cross validating with StratifiedKFold(n_splits=10, random_state=None, shuffle=False), n_jobs=-1
2022-09-20 16:43:04,908:INFO:Calculating mean and std
2022-09-20 16:43:04,910:INFO:Creating metrics dataframe
2022-09-20 16:43:04,920:INFO:Uploading results into container
2022-09-20 16:43:04,921:INFO:Uploading model into container now
2022-09-20 16:43:04,921:INFO:create_model_container: 2
2022-09-20 16:43:04,921:INFO:master_model_container: 2
2022-09-20 16:43:04,921:INFO:display_container: 2
2022-09-20 16:43:04,922:INFO:LogisticRegression(C=1.0, class_weight=None, dual=False, fit_intercept=True,
                   intercept_scaling=1, l1_ratio=None, max_iter=1000,
                   multi_class='auto', n_jobs=None, penalty='l2',
                   random_state=0, solver='lbfgs', tol=0.0001, verbose=0,
                   warm_start=False)
2022-09-20 16:43:04,922:INFO:create_model() succesfully completed......................................
2022-09-20 16:43:05,134:ERROR:create_model() for LogisticRegression(C=1.0, class_weight=None, dual=False, fit_intercept=True,
                   intercept_scaling=1, l1_ratio=None, max_iter=1000,
                   multi_class='auto', n_jobs=None, penalty='l2',
                   random_state=0, solver='lbfgs', tol=0.0001, verbose=0,
                   warm_start=False) raised an exception or returned all 0.0:
2022-09-20 16:43:05,136:ERROR:Traceback (most recent call last):
  File "c:\Users\kevmi\anaconda3\lib\site-packages\pycaret\internal\tabular.py", line 2205, in compare_models
    assert np.sum(model_results.iloc[0]) != 0.0
AssertionError

During handling of the above exception, another exception occurred:

Traceback (most recent call last):
  File "c:\Users\kevmi\anaconda3\lib\site-packages\pycaret\internal\tabular.py", line 2214, in compare_models
    assert np.sum(model_results.iloc[0]) != 0.0
AssertionError

2022-09-20 16:43:05,136:INFO:Initializing K Neighbors Classifier
2022-09-20 16:43:05,136:INFO:Total runtime is 0.26463554302851355 minutes
2022-09-20 16:43:05,162:INFO:SubProcess create_model() called ==================================
2022-09-20 16:43:05,163:INFO:Initializing create_model()
2022-09-20 16:43:05,164:INFO:create_model(estimator=knn, fold=StratifiedKFold(n_splits=10, random_state=None, shuffle=False), round=4, cross_validation=True, predict=True, fit_kwargs={}, groups=None, refit=False, verbose=False, system=False, metrics=None, experiment_custom_tags=None, add_to_model_list=True, probability_threshold=None, display=<pycaret.internal.Display.Display object at 0x000001DB49519190>, return_train_score=False, kwargs={})
2022-09-20 16:43:05,164:INFO:Checking exceptions
2022-09-20 16:43:05,164:INFO:Importing libraries
2022-09-20 16:43:05,164:INFO:Copying training dataset
2022-09-20 16:43:05,368:INFO:Defining folds
2022-09-20 16:43:05,368:INFO:Declaring metric variables
2022-09-20 16:43:05,391:INFO:Importing untrained model
2022-09-20 16:43:05,416:INFO:K Neighbors Classifier Imported succesfully
2022-09-20 16:43:05,468:INFO:Starting cross validation
2022-09-20 16:43:05,471:INFO:Cross validating with StratifiedKFold(n_splits=10, random_state=None, shuffle=False), n_jobs=-1
2022-09-20 16:43:42,872:INFO:Calculating mean and std
2022-09-20 16:43:42,878:INFO:Creating metrics dataframe
2022-09-20 16:43:42,899:INFO:Uploading results into container
2022-09-20 16:43:42,900:INFO:Uploading model into container now
2022-09-20 16:43:42,901:INFO:create_model_container: 3
2022-09-20 16:43:42,901:INFO:master_model_container: 3
2022-09-20 16:43:42,902:INFO:display_container: 2
2022-09-20 16:43:42,904:INFO:KNeighborsClassifier(algorithm='auto', leaf_size=30, metric='minkowski',
                     metric_params=None, n_jobs=-1, n_neighbors=5, p=2,
                     weights='uniform')
2022-09-20 16:43:42,904:INFO:create_model() succesfully completed......................................
2022-09-20 16:43:43,209:INFO:SubProcess create_model() end ==================================
2022-09-20 16:43:43,209:INFO:Creating metrics dataframe
2022-09-20 16:43:43,248:INFO:Initializing Naive Bayes
2022-09-20 16:43:43,248:INFO:Total runtime is 0.8998212297757466 minutes
2022-09-20 16:43:43,280:INFO:SubProcess create_model() called ==================================
2022-09-20 16:43:43,281:INFO:Initializing create_model()
2022-09-20 16:43:43,282:INFO:create_model(estimator=nb, fold=StratifiedKFold(n_splits=10, random_state=None, shuffle=False), round=4, cross_validation=True, predict=True, fit_kwargs={}, groups=None, refit=False, verbose=False, system=False, metrics=None, experiment_custom_tags=None, add_to_model_list=True, probability_threshold=None, display=<pycaret.internal.Display.Display object at 0x000001DB49519190>, return_train_score=False, kwargs={})
2022-09-20 16:43:43,283:INFO:Checking exceptions
2022-09-20 16:43:43,283:INFO:Importing libraries
2022-09-20 16:43:43,284:INFO:Copying training dataset
2022-09-20 16:43:43,570:INFO:Defining folds
2022-09-20 16:43:43,571:INFO:Declaring metric variables
2022-09-20 16:43:43,600:INFO:Importing untrained model
2022-09-20 16:43:43,636:INFO:Naive Bayes Imported succesfully
2022-09-20 16:43:43,710:INFO:Starting cross validation
2022-09-20 16:43:43,714:INFO:Cross validating with StratifiedKFold(n_splits=10, random_state=None, shuffle=False), n_jobs=-1
2022-09-20 16:43:46,589:INFO:Calculating mean and std
2022-09-20 16:43:46,593:INFO:Creating metrics dataframe
2022-09-20 16:43:46,612:INFO:Uploading results into container
2022-09-20 16:43:46,612:INFO:Uploading model into container now
2022-09-20 16:43:46,613:INFO:create_model_container: 4
2022-09-20 16:43:46,614:INFO:master_model_container: 4
2022-09-20 16:43:46,614:INFO:display_container: 2
2022-09-20 16:43:46,616:INFO:GaussianNB(priors=None, var_smoothing=1e-09)
2022-09-20 16:43:46,616:INFO:create_model() succesfully completed......................................
2022-09-20 16:43:46,938:INFO:SubProcess create_model() end ==================================
2022-09-20 16:43:46,938:INFO:Creating metrics dataframe
2022-09-20 16:43:46,990:INFO:Initializing Decision Tree Classifier
2022-09-20 16:43:46,990:INFO:Total runtime is 0.9621906956036885 minutes
2022-09-20 16:43:47,023:INFO:SubProcess create_model() called ==================================
2022-09-20 16:43:47,025:INFO:Initializing create_model()
2022-09-20 16:43:47,026:INFO:create_model(estimator=dt, fold=StratifiedKFold(n_splits=10, random_state=None, shuffle=False), round=4, cross_validation=True, predict=True, fit_kwargs={}, groups=None, refit=False, verbose=False, system=False, metrics=None, experiment_custom_tags=None, add_to_model_list=True, probability_threshold=None, display=<pycaret.internal.Display.Display object at 0x000001DB49519190>, return_train_score=False, kwargs={})
2022-09-20 16:43:47,026:INFO:Checking exceptions
2022-09-20 16:43:47,026:INFO:Importing libraries
2022-09-20 16:43:47,026:INFO:Copying training dataset
2022-09-20 16:43:47,303:INFO:Defining folds
2022-09-20 16:43:47,304:INFO:Declaring metric variables
2022-09-20 16:43:47,335:INFO:Importing untrained model
2022-09-20 16:43:47,368:INFO:Decision Tree Classifier Imported succesfully
2022-09-20 16:43:47,446:INFO:Starting cross validation
2022-09-20 16:43:47,448:INFO:Cross validating with StratifiedKFold(n_splits=10, random_state=None, shuffle=False), n_jobs=-1
2022-09-20 16:43:48,949:INFO:Calculating mean and std
2022-09-20 16:43:48,953:INFO:Creating metrics dataframe
2022-09-20 16:43:48,975:INFO:Uploading results into container
2022-09-20 16:43:48,976:INFO:Uploading model into container now
2022-09-20 16:43:48,977:INFO:create_model_container: 5
2022-09-20 16:43:48,977:INFO:master_model_container: 5
2022-09-20 16:43:48,978:INFO:display_container: 2
2022-09-20 16:43:48,978:INFO:DecisionTreeClassifier(ccp_alpha=0.0, class_weight=None, criterion='gini',
                       max_depth=None, max_features=None, max_leaf_nodes=None,
                       min_impurity_decrease=0.0, min_impurity_split=None,
                       min_samples_leaf=1, min_samples_split=2,
                       min_weight_fraction_leaf=0.0, presort='deprecated',
                       random_state=0, splitter='best')
2022-09-20 16:43:48,980:INFO:create_model() succesfully completed......................................
2022-09-20 16:43:49,310:INFO:SubProcess create_model() end ==================================
2022-09-20 16:43:49,310:INFO:Creating metrics dataframe
2022-09-20 16:43:49,361:INFO:Initializing SVM - Linear Kernel
2022-09-20 16:43:49,362:INFO:Total runtime is 1.0017055829366048 minutes
2022-09-20 16:43:49,406:INFO:SubProcess create_model() called ==================================
2022-09-20 16:43:49,406:INFO:Initializing create_model()
2022-09-20 16:43:49,406:INFO:create_model(estimator=svm, fold=StratifiedKFold(n_splits=10, random_state=None, shuffle=False), round=4, cross_validation=True, predict=True, fit_kwargs={}, groups=None, refit=False, verbose=False, system=False, metrics=None, experiment_custom_tags=None, add_to_model_list=True, probability_threshold=None, display=<pycaret.internal.Display.Display object at 0x000001DB49519190>, return_train_score=False, kwargs={})
2022-09-20 16:43:49,410:INFO:Checking exceptions
2022-09-20 16:43:49,411:INFO:Importing libraries
2022-09-20 16:43:49,412:INFO:Copying training dataset
2022-09-20 16:43:49,714:INFO:Defining folds
2022-09-20 16:43:49,714:INFO:Declaring metric variables
2022-09-20 16:43:49,754:INFO:Importing untrained model
2022-09-20 16:43:49,796:INFO:SVM - Linear Kernel Imported succesfully
2022-09-20 16:43:49,885:INFO:Starting cross validation
2022-09-20 16:43:49,885:INFO:Cross validating with StratifiedKFold(n_splits=10, random_state=None, shuffle=False), n_jobs=-1
2022-09-20 16:43:52,052:INFO:Calculating mean and std
2022-09-20 16:43:52,057:INFO:Creating metrics dataframe
2022-09-20 16:43:52,075:INFO:Uploading results into container
2022-09-20 16:43:52,076:INFO:Uploading model into container now
2022-09-20 16:43:52,076:INFO:create_model_container: 6
2022-09-20 16:43:52,077:INFO:master_model_container: 6
2022-09-20 16:43:52,077:INFO:display_container: 2
2022-09-20 16:43:52,080:INFO:SGDClassifier(alpha=0.0001, average=False, class_weight=None,
              early_stopping=False, epsilon=0.1, eta0=0.001, fit_intercept=True,
              l1_ratio=0.15, learning_rate='optimal', loss='hinge',
              max_iter=1000, n_iter_no_change=5, n_jobs=-1, penalty='l2',
              power_t=0.5, random_state=0, shuffle=True, tol=0.001,
              validation_fraction=0.1, verbose=0, warm_start=False)
2022-09-20 16:43:52,080:INFO:create_model() succesfully completed......................................
2022-09-20 16:43:52,377:WARNING:create_model() for SGDClassifier(alpha=0.0001, average=False, class_weight=None,
              early_stopping=False, epsilon=0.1, eta0=0.001, fit_intercept=True,
              l1_ratio=0.15, learning_rate='optimal', loss='hinge',
              max_iter=1000, n_iter_no_change=5, n_jobs=-1, penalty='l2',
              power_t=0.5, random_state=0, shuffle=True, tol=0.001,
              validation_fraction=0.1, verbose=0, warm_start=False) raised an exception or returned all 0.0, trying without fit_kwargs:
2022-09-20 16:43:52,377:WARNING:Traceback (most recent call last):
  File "c:\Users\kevmi\anaconda3\lib\site-packages\pycaret\internal\tabular.py", line 2205, in compare_models
    assert np.sum(model_results.iloc[0]) != 0.0
AssertionError

2022-09-20 16:43:52,377:INFO:Initializing create_model()
2022-09-20 16:43:52,377:INFO:create_model(estimator=svm, fold=StratifiedKFold(n_splits=10, random_state=None, shuffle=False), round=4, cross_validation=True, predict=True, fit_kwargs={}, groups=None, refit=False, verbose=False, system=False, metrics=None, experiment_custom_tags=None, add_to_model_list=True, probability_threshold=None, display=<pycaret.internal.Display.Display object at 0x000001DB49519190>, return_train_score=False, kwargs={})
2022-09-20 16:43:52,377:INFO:Checking exceptions
2022-09-20 16:43:52,377:INFO:Importing libraries
2022-09-20 16:43:52,377:INFO:Copying training dataset
2022-09-20 16:43:52,619:INFO:Defining folds
2022-09-20 16:43:52,620:INFO:Declaring metric variables
2022-09-20 16:43:52,635:INFO:Importing untrained model
2022-09-20 16:43:52,650:INFO:SVM - Linear Kernel Imported succesfully
2022-09-20 16:43:52,683:INFO:Starting cross validation
2022-09-20 16:43:52,684:INFO:Cross validating with StratifiedKFold(n_splits=10, random_state=None, shuffle=False), n_jobs=-1
2022-09-20 16:43:54,817:INFO:Calculating mean and std
2022-09-20 16:43:54,821:INFO:Creating metrics dataframe
2022-09-20 16:43:54,843:INFO:Uploading results into container
2022-09-20 16:43:54,843:INFO:Uploading model into container now
2022-09-20 16:43:54,845:INFO:create_model_container: 7
2022-09-20 16:43:54,845:INFO:master_model_container: 7
2022-09-20 16:43:54,846:INFO:display_container: 2
2022-09-20 16:43:54,849:INFO:SGDClassifier(alpha=0.0001, average=False, class_weight=None,
              early_stopping=False, epsilon=0.1, eta0=0.001, fit_intercept=True,
              l1_ratio=0.15, learning_rate='optimal', loss='hinge',
              max_iter=1000, n_iter_no_change=5, n_jobs=-1, penalty='l2',
              power_t=0.5, random_state=0, shuffle=True, tol=0.001,
              validation_fraction=0.1, verbose=0, warm_start=False)
2022-09-20 16:43:54,850:INFO:create_model() succesfully completed......................................
2022-09-20 16:43:55,167:ERROR:create_model() for SGDClassifier(alpha=0.0001, average=False, class_weight=None,
              early_stopping=False, epsilon=0.1, eta0=0.001, fit_intercept=True,
              l1_ratio=0.15, learning_rate='optimal', loss='hinge',
              max_iter=1000, n_iter_no_change=5, n_jobs=-1, penalty='l2',
              power_t=0.5, random_state=0, shuffle=True, tol=0.001,
              validation_fraction=0.1, verbose=0, warm_start=False) raised an exception or returned all 0.0:
2022-09-20 16:43:55,168:ERROR:Traceback (most recent call last):
  File "c:\Users\kevmi\anaconda3\lib\site-packages\pycaret\internal\tabular.py", line 2205, in compare_models
    assert np.sum(model_results.iloc[0]) != 0.0
AssertionError

During handling of the above exception, another exception occurred:

Traceback (most recent call last):
  File "c:\Users\kevmi\anaconda3\lib\site-packages\pycaret\internal\tabular.py", line 2214, in compare_models
    assert np.sum(model_results.iloc[0]) != 0.0
AssertionError

2022-09-20 16:43:55,168:INFO:Initializing Ridge Classifier
2022-09-20 16:43:55,168:INFO:Total runtime is 1.0985027233759563 minutes
2022-09-20 16:43:55,206:INFO:SubProcess create_model() called ==================================
2022-09-20 16:43:55,208:INFO:Initializing create_model()
2022-09-20 16:43:55,209:INFO:create_model(estimator=ridge, fold=StratifiedKFold(n_splits=10, random_state=None, shuffle=False), round=4, cross_validation=True, predict=True, fit_kwargs={}, groups=None, refit=False, verbose=False, system=False, metrics=None, experiment_custom_tags=None, add_to_model_list=True, probability_threshold=None, display=<pycaret.internal.Display.Display object at 0x000001DB49519190>, return_train_score=False, kwargs={})
2022-09-20 16:43:55,210:INFO:Checking exceptions
2022-09-20 16:43:55,210:INFO:Importing libraries
2022-09-20 16:43:55,210:INFO:Copying training dataset
2022-09-20 16:43:55,473:INFO:Defining folds
2022-09-20 16:43:55,474:INFO:Declaring metric variables
2022-09-20 16:43:55,503:INFO:Importing untrained model
2022-09-20 16:43:55,533:INFO:Ridge Classifier Imported succesfully
2022-09-20 16:43:55,603:INFO:Starting cross validation
2022-09-20 16:43:55,606:INFO:Cross validating with StratifiedKFold(n_splits=10, random_state=None, shuffle=False), n_jobs=-1
2022-09-20 16:43:59,012:INFO:Calculating mean and std
2022-09-20 16:43:59,019:INFO:Creating metrics dataframe
2022-09-20 16:43:59,048:INFO:Uploading results into container
2022-09-20 16:43:59,050:INFO:Uploading model into container now
2022-09-20 16:43:59,050:INFO:create_model_container: 8
2022-09-20 16:43:59,050:INFO:master_model_container: 8
2022-09-20 16:43:59,052:INFO:display_container: 2
2022-09-20 16:43:59,052:INFO:RidgeClassifier(alpha=1.0, class_weight=None, copy_X=True, fit_intercept=True,
                max_iter=None, normalize=False, random_state=0, solver='auto',
                tol=0.001)
2022-09-20 16:43:59,052:INFO:create_model() succesfully completed......................................
2022-09-20 16:43:59,361:INFO:SubProcess create_model() end ==================================
2022-09-20 16:43:59,361:INFO:Creating metrics dataframe
2022-09-20 16:43:59,408:INFO:Initializing Random Forest Classifier
2022-09-20 16:43:59,408:INFO:Total runtime is 1.1691659053166708 minutes
2022-09-20 16:43:59,443:INFO:SubProcess create_model() called ==================================
2022-09-20 16:43:59,444:INFO:Initializing create_model()
2022-09-20 16:43:59,445:INFO:create_model(estimator=rf, fold=StratifiedKFold(n_splits=10, random_state=None, shuffle=False), round=4, cross_validation=True, predict=True, fit_kwargs={}, groups=None, refit=False, verbose=False, system=False, metrics=None, experiment_custom_tags=None, add_to_model_list=True, probability_threshold=None, display=<pycaret.internal.Display.Display object at 0x000001DB49519190>, return_train_score=False, kwargs={})
2022-09-20 16:43:59,445:INFO:Checking exceptions
2022-09-20 16:43:59,446:INFO:Importing libraries
2022-09-20 16:43:59,447:INFO:Copying training dataset
2022-09-20 16:43:59,737:INFO:Defining folds
2022-09-20 16:43:59,739:INFO:Declaring metric variables
2022-09-20 16:43:59,783:INFO:Importing untrained model
2022-09-20 16:43:59,830:INFO:Random Forest Classifier Imported succesfully
2022-09-20 16:43:59,874:INFO:Starting cross validation
2022-09-20 16:43:59,876:INFO:Cross validating with StratifiedKFold(n_splits=10, random_state=None, shuffle=False), n_jobs=-1
2022-09-20 16:44:02,750:INFO:Calculating mean and std
2022-09-20 16:44:02,752:INFO:Creating metrics dataframe
2022-09-20 16:44:02,763:INFO:Uploading results into container
2022-09-20 16:44:02,764:INFO:Uploading model into container now
2022-09-20 16:44:02,764:INFO:create_model_container: 9
2022-09-20 16:44:02,764:INFO:master_model_container: 9
2022-09-20 16:44:02,764:INFO:display_container: 2
2022-09-20 16:44:02,765:INFO:RandomForestClassifier(bootstrap=True, ccp_alpha=0.0, class_weight=None,
                       criterion='gini', max_depth=None, max_features='auto',
                       max_leaf_nodes=None, max_samples=None,
                       min_impurity_decrease=0.0, min_impurity_split=None,
                       min_samples_leaf=1, min_samples_split=2,
                       min_weight_fraction_leaf=0.0, n_estimators=100,
                       n_jobs=-1, oob_score=False, random_state=0, verbose=0,
                       warm_start=False)
2022-09-20 16:44:02,766:INFO:create_model() succesfully completed......................................
2022-09-20 16:44:03,065:INFO:SubProcess create_model() end ==================================
2022-09-20 16:44:03,066:INFO:Creating metrics dataframe
2022-09-20 16:44:03,128:INFO:Initializing Quadratic Discriminant Analysis
2022-09-20 16:44:03,130:INFO:Total runtime is 1.2311927954355877 minutes
2022-09-20 16:44:03,175:INFO:SubProcess create_model() called ==================================
2022-09-20 16:44:03,177:INFO:Initializing create_model()
2022-09-20 16:44:03,177:INFO:create_model(estimator=qda, fold=StratifiedKFold(n_splits=10, random_state=None, shuffle=False), round=4, cross_validation=True, predict=True, fit_kwargs={}, groups=None, refit=False, verbose=False, system=False, metrics=None, experiment_custom_tags=None, add_to_model_list=True, probability_threshold=None, display=<pycaret.internal.Display.Display object at 0x000001DB49519190>, return_train_score=False, kwargs={})
2022-09-20 16:44:03,177:INFO:Checking exceptions
2022-09-20 16:44:03,179:INFO:Importing libraries
2022-09-20 16:44:03,179:INFO:Copying training dataset
2022-09-20 16:44:03,361:INFO:Defining folds
2022-09-20 16:44:03,361:INFO:Declaring metric variables
2022-09-20 16:44:03,382:INFO:Importing untrained model
2022-09-20 16:44:03,406:INFO:Quadratic Discriminant Analysis Imported succesfully
2022-09-20 16:44:03,455:INFO:Starting cross validation
2022-09-20 16:44:03,456:INFO:Cross validating with StratifiedKFold(n_splits=10, random_state=None, shuffle=False), n_jobs=-1
2022-09-20 16:44:04,394:INFO:Calculating mean and std
2022-09-20 16:44:04,399:INFO:Creating metrics dataframe
2022-09-20 16:44:04,424:INFO:Uploading results into container
2022-09-20 16:44:04,424:INFO:Uploading model into container now
2022-09-20 16:44:04,425:INFO:create_model_container: 10
2022-09-20 16:44:04,425:INFO:master_model_container: 10
2022-09-20 16:44:04,426:INFO:display_container: 2
2022-09-20 16:44:04,427:INFO:QuadraticDiscriminantAnalysis(priors=None, reg_param=0.0,
                              store_covariance=False, tol=0.0001)
2022-09-20 16:44:04,428:INFO:create_model() succesfully completed......................................
2022-09-20 16:44:04,795:WARNING:create_model() for QuadraticDiscriminantAnalysis(priors=None, reg_param=0.0,
                              store_covariance=False, tol=0.0001) raised an exception or returned all 0.0, trying without fit_kwargs:
2022-09-20 16:44:04,796:WARNING:Traceback (most recent call last):
  File "c:\Users\kevmi\anaconda3\lib\site-packages\pycaret\internal\tabular.py", line 2205, in compare_models
    assert np.sum(model_results.iloc[0]) != 0.0
AssertionError

2022-09-20 16:44:04,797:INFO:Initializing create_model()
2022-09-20 16:44:04,798:INFO:create_model(estimator=qda, fold=StratifiedKFold(n_splits=10, random_state=None, shuffle=False), round=4, cross_validation=True, predict=True, fit_kwargs={}, groups=None, refit=False, verbose=False, system=False, metrics=None, experiment_custom_tags=None, add_to_model_list=True, probability_threshold=None, display=<pycaret.internal.Display.Display object at 0x000001DB49519190>, return_train_score=False, kwargs={})
2022-09-20 16:44:04,798:INFO:Checking exceptions
2022-09-20 16:44:04,798:INFO:Importing libraries
2022-09-20 16:44:04,798:INFO:Copying training dataset
2022-09-20 16:44:05,035:INFO:Defining folds
2022-09-20 16:44:05,035:INFO:Declaring metric variables
2022-09-20 16:44:05,056:INFO:Importing untrained model
2022-09-20 16:44:05,083:INFO:Quadratic Discriminant Analysis Imported succesfully
2022-09-20 16:44:05,134:INFO:Starting cross validation
2022-09-20 16:44:05,134:INFO:Cross validating with StratifiedKFold(n_splits=10, random_state=None, shuffle=False), n_jobs=-1
2022-09-20 16:44:06,279:INFO:Calculating mean and std
2022-09-20 16:44:06,283:INFO:Creating metrics dataframe
2022-09-20 16:44:06,300:INFO:Uploading results into container
2022-09-20 16:44:06,304:INFO:Uploading model into container now
2022-09-20 16:44:06,305:INFO:create_model_container: 11
2022-09-20 16:44:06,305:INFO:master_model_container: 11
2022-09-20 16:44:06,306:INFO:display_container: 2
2022-09-20 16:44:06,308:INFO:QuadraticDiscriminantAnalysis(priors=None, reg_param=0.0,
                              store_covariance=False, tol=0.0001)
2022-09-20 16:44:06,308:INFO:create_model() succesfully completed......................................
2022-09-20 16:44:06,581:ERROR:create_model() for QuadraticDiscriminantAnalysis(priors=None, reg_param=0.0,
                              store_covariance=False, tol=0.0001) raised an exception or returned all 0.0:
2022-09-20 16:44:06,585:ERROR:Traceback (most recent call last):
  File "c:\Users\kevmi\anaconda3\lib\site-packages\pycaret\internal\tabular.py", line 2205, in compare_models
    assert np.sum(model_results.iloc[0]) != 0.0
AssertionError

During handling of the above exception, another exception occurred:

Traceback (most recent call last):
  File "c:\Users\kevmi\anaconda3\lib\site-packages\pycaret\internal\tabular.py", line 2214, in compare_models
    assert np.sum(model_results.iloc[0]) != 0.0
AssertionError

2022-09-20 16:44:06,585:INFO:Initializing Ada Boost Classifier
2022-09-20 16:44:06,586:INFO:Total runtime is 1.2888004581133525 minutes
2022-09-20 16:44:06,606:INFO:SubProcess create_model() called ==================================
2022-09-20 16:44:06,606:INFO:Initializing create_model()
2022-09-20 16:44:06,606:INFO:create_model(estimator=ada, fold=StratifiedKFold(n_splits=10, random_state=None, shuffle=False), round=4, cross_validation=True, predict=True, fit_kwargs={}, groups=None, refit=False, verbose=False, system=False, metrics=None, experiment_custom_tags=None, add_to_model_list=True, probability_threshold=None, display=<pycaret.internal.Display.Display object at 0x000001DB49519190>, return_train_score=False, kwargs={})
2022-09-20 16:44:06,606:INFO:Checking exceptions
2022-09-20 16:44:06,607:INFO:Importing libraries
2022-09-20 16:44:06,607:INFO:Copying training dataset
2022-09-20 16:44:06,755:INFO:Defining folds
2022-09-20 16:44:06,759:INFO:Declaring metric variables
2022-09-20 16:44:06,778:INFO:Importing untrained model
2022-09-20 16:44:06,796:INFO:Ada Boost Classifier Imported succesfully
2022-09-20 16:44:06,836:INFO:Starting cross validation
2022-09-20 16:44:06,838:INFO:Cross validating with StratifiedKFold(n_splits=10, random_state=None, shuffle=False), n_jobs=-1
2022-09-20 16:44:08,331:INFO:Calculating mean and std
2022-09-20 16:44:08,336:INFO:Creating metrics dataframe
2022-09-20 16:44:08,352:INFO:Uploading results into container
2022-09-20 16:44:08,353:INFO:Uploading model into container now
2022-09-20 16:44:08,353:INFO:create_model_container: 12
2022-09-20 16:44:08,354:INFO:master_model_container: 12
2022-09-20 16:44:08,354:INFO:display_container: 2
2022-09-20 16:44:08,355:INFO:AdaBoostClassifier(algorithm='SAMME.R', base_estimator=None, learning_rate=1.0,
                   n_estimators=50, random_state=0)
2022-09-20 16:44:08,356:INFO:create_model() succesfully completed......................................
2022-09-20 16:44:08,598:INFO:SubProcess create_model() end ==================================
2022-09-20 16:44:08,599:INFO:Creating metrics dataframe
2022-09-20 16:44:08,643:INFO:Initializing Gradient Boosting Classifier
2022-09-20 16:44:08,643:INFO:Total runtime is 1.3230818669001263 minutes
2022-09-20 16:44:08,675:INFO:SubProcess create_model() called ==================================
2022-09-20 16:44:08,675:INFO:Initializing create_model()
2022-09-20 16:44:08,677:INFO:create_model(estimator=gbc, fold=StratifiedKFold(n_splits=10, random_state=None, shuffle=False), round=4, cross_validation=True, predict=True, fit_kwargs={}, groups=None, refit=False, verbose=False, system=False, metrics=None, experiment_custom_tags=None, add_to_model_list=True, probability_threshold=None, display=<pycaret.internal.Display.Display object at 0x000001DB49519190>, return_train_score=False, kwargs={})
2022-09-20 16:44:08,677:INFO:Checking exceptions
2022-09-20 16:44:08,678:INFO:Importing libraries
2022-09-20 16:44:08,678:INFO:Copying training dataset
2022-09-20 16:44:08,911:INFO:Defining folds
2022-09-20 16:44:08,913:INFO:Declaring metric variables
2022-09-20 16:44:08,938:INFO:Importing untrained model
2022-09-20 16:44:08,965:INFO:Gradient Boosting Classifier Imported succesfully
2022-09-20 16:44:09,030:INFO:Starting cross validation
2022-09-20 16:44:09,033:INFO:Cross validating with StratifiedKFold(n_splits=10, random_state=None, shuffle=False), n_jobs=-1
2022-09-20 16:44:10,110:INFO:Calculating mean and std
2022-09-20 16:44:10,115:INFO:Creating metrics dataframe
2022-09-20 16:44:10,132:INFO:Uploading results into container
2022-09-20 16:44:10,133:INFO:Uploading model into container now
2022-09-20 16:44:10,133:INFO:create_model_container: 13
2022-09-20 16:44:10,133:INFO:master_model_container: 13
2022-09-20 16:44:10,135:INFO:display_container: 2
2022-09-20 16:44:10,138:INFO:GradientBoostingClassifier(ccp_alpha=0.0, criterion='friedman_mse', init=None,
                           learning_rate=0.1, loss='deviance', max_depth=3,
                           max_features=None, max_leaf_nodes=None,
                           min_impurity_decrease=0.0, min_impurity_split=None,
                           min_samples_leaf=1, min_samples_split=2,
                           min_weight_fraction_leaf=0.0, n_estimators=100,
                           n_iter_no_change=None, presort='deprecated',
                           random_state=0, subsample=1.0, tol=0.0001,
                           validation_fraction=0.1, verbose=0,
                           warm_start=False)
2022-09-20 16:44:10,140:INFO:create_model() succesfully completed......................................
2022-09-20 16:44:10,443:WARNING:create_model() for GradientBoostingClassifier(ccp_alpha=0.0, criterion='friedman_mse', init=None,
                           learning_rate=0.1, loss='deviance', max_depth=3,
                           max_features=None, max_leaf_nodes=None,
                           min_impurity_decrease=0.0, min_impurity_split=None,
                           min_samples_leaf=1, min_samples_split=2,
                           min_weight_fraction_leaf=0.0, n_estimators=100,
                           n_iter_no_change=None, presort='deprecated',
                           random_state=0, subsample=1.0, tol=0.0001,
                           validation_fraction=0.1, verbose=0,
                           warm_start=False) raised an exception or returned all 0.0, trying without fit_kwargs:
2022-09-20 16:44:10,445:WARNING:Traceback (most recent call last):
  File "c:\Users\kevmi\anaconda3\lib\site-packages\pycaret\internal\tabular.py", line 2205, in compare_models
    assert np.sum(model_results.iloc[0]) != 0.0
AssertionError

2022-09-20 16:44:10,446:INFO:Initializing create_model()
2022-09-20 16:44:10,446:INFO:create_model(estimator=gbc, fold=StratifiedKFold(n_splits=10, random_state=None, shuffle=False), round=4, cross_validation=True, predict=True, fit_kwargs={}, groups=None, refit=False, verbose=False, system=False, metrics=None, experiment_custom_tags=None, add_to_model_list=True, probability_threshold=None, display=<pycaret.internal.Display.Display object at 0x000001DB49519190>, return_train_score=False, kwargs={})
2022-09-20 16:44:10,446:INFO:Checking exceptions
2022-09-20 16:44:10,447:INFO:Importing libraries
2022-09-20 16:44:10,447:INFO:Copying training dataset
2022-09-20 16:44:10,704:INFO:Defining folds
2022-09-20 16:44:10,704:INFO:Declaring metric variables
2022-09-20 16:44:10,727:INFO:Importing untrained model
2022-09-20 16:44:10,756:INFO:Gradient Boosting Classifier Imported succesfully
2022-09-20 16:44:10,808:INFO:Starting cross validation
2022-09-20 16:44:10,812:INFO:Cross validating with StratifiedKFold(n_splits=10, random_state=None, shuffle=False), n_jobs=-1
2022-09-20 16:44:11,736:INFO:Calculating mean and std
2022-09-20 16:44:11,738:INFO:Creating metrics dataframe
2022-09-20 16:44:11,759:INFO:Uploading results into container
2022-09-20 16:44:11,759:INFO:Uploading model into container now
2022-09-20 16:44:11,760:INFO:create_model_container: 14
2022-09-20 16:44:11,760:INFO:master_model_container: 14
2022-09-20 16:44:11,761:INFO:display_container: 2
2022-09-20 16:44:11,766:INFO:GradientBoostingClassifier(ccp_alpha=0.0, criterion='friedman_mse', init=None,
                           learning_rate=0.1, loss='deviance', max_depth=3,
                           max_features=None, max_leaf_nodes=None,
                           min_impurity_decrease=0.0, min_impurity_split=None,
                           min_samples_leaf=1, min_samples_split=2,
                           min_weight_fraction_leaf=0.0, n_estimators=100,
                           n_iter_no_change=None, presort='deprecated',
                           random_state=0, subsample=1.0, tol=0.0001,
                           validation_fraction=0.1, verbose=0,
                           warm_start=False)
2022-09-20 16:44:11,767:INFO:create_model() succesfully completed......................................
2022-09-20 16:44:12,087:ERROR:create_model() for GradientBoostingClassifier(ccp_alpha=0.0, criterion='friedman_mse', init=None,
                           learning_rate=0.1, loss='deviance', max_depth=3,
                           max_features=None, max_leaf_nodes=None,
                           min_impurity_decrease=0.0, min_impurity_split=None,
                           min_samples_leaf=1, min_samples_split=2,
                           min_weight_fraction_leaf=0.0, n_estimators=100,
                           n_iter_no_change=None, presort='deprecated',
                           random_state=0, subsample=1.0, tol=0.0001,
                           validation_fraction=0.1, verbose=0,
                           warm_start=False) raised an exception or returned all 0.0:
2022-09-20 16:44:12,089:ERROR:Traceback (most recent call last):
  File "c:\Users\kevmi\anaconda3\lib\site-packages\pycaret\internal\tabular.py", line 2205, in compare_models
    assert np.sum(model_results.iloc[0]) != 0.0
AssertionError

During handling of the above exception, another exception occurred:

Traceback (most recent call last):
  File "c:\Users\kevmi\anaconda3\lib\site-packages\pycaret\internal\tabular.py", line 2214, in compare_models
    assert np.sum(model_results.iloc[0]) != 0.0
AssertionError

2022-09-20 16:44:12,089:INFO:Initializing Linear Discriminant Analysis
2022-09-20 16:44:12,090:INFO:Total runtime is 1.3805256287256877 minutes
2022-09-20 16:44:12,124:INFO:SubProcess create_model() called ==================================
2022-09-20 16:44:12,125:INFO:Initializing create_model()
2022-09-20 16:44:12,126:INFO:create_model(estimator=lda, fold=StratifiedKFold(n_splits=10, random_state=None, shuffle=False), round=4, cross_validation=True, predict=True, fit_kwargs={}, groups=None, refit=False, verbose=False, system=False, metrics=None, experiment_custom_tags=None, add_to_model_list=True, probability_threshold=None, display=<pycaret.internal.Display.Display object at 0x000001DB49519190>, return_train_score=False, kwargs={})
2022-09-20 16:44:12,126:INFO:Checking exceptions
2022-09-20 16:44:12,127:INFO:Importing libraries
2022-09-20 16:44:12,127:INFO:Copying training dataset
2022-09-20 16:44:12,401:INFO:Defining folds
2022-09-20 16:44:12,401:INFO:Declaring metric variables
2022-09-20 16:44:12,429:INFO:Importing untrained model
2022-09-20 16:44:12,456:INFO:Linear Discriminant Analysis Imported succesfully
2022-09-20 16:44:12,525:INFO:Starting cross validation
2022-09-20 16:44:12,527:INFO:Cross validating with StratifiedKFold(n_splits=10, random_state=None, shuffle=False), n_jobs=-1
2022-09-20 16:44:59,297:INFO:Calculating mean and std
2022-09-20 16:44:59,302:INFO:Creating metrics dataframe
2022-09-20 16:44:59,317:INFO:Uploading results into container
2022-09-20 16:44:59,318:INFO:Uploading model into container now
2022-09-20 16:44:59,318:INFO:create_model_container: 15
2022-09-20 16:44:59,318:INFO:master_model_container: 15
2022-09-20 16:44:59,319:INFO:display_container: 2
2022-09-20 16:44:59,320:INFO:LinearDiscriminantAnalysis(n_components=None, priors=None, shrinkage=None,
                           solver='svd', store_covariance=False, tol=0.0001)
2022-09-20 16:44:59,320:INFO:create_model() succesfully completed......................................
2022-09-20 16:44:59,581:INFO:SubProcess create_model() end ==================================
2022-09-20 16:44:59,581:INFO:Creating metrics dataframe
2022-09-20 16:44:59,618:INFO:Initializing Extra Trees Classifier
2022-09-20 16:44:59,618:INFO:Total runtime is 2.172668429215749 minutes
2022-09-20 16:44:59,643:INFO:SubProcess create_model() called ==================================
2022-09-20 16:44:59,644:INFO:Initializing create_model()
2022-09-20 16:44:59,645:INFO:create_model(estimator=et, fold=StratifiedKFold(n_splits=10, random_state=None, shuffle=False), round=4, cross_validation=True, predict=True, fit_kwargs={}, groups=None, refit=False, verbose=False, system=False, metrics=None, experiment_custom_tags=None, add_to_model_list=True, probability_threshold=None, display=<pycaret.internal.Display.Display object at 0x000001DB49519190>, return_train_score=False, kwargs={})
2022-09-20 16:44:59,645:INFO:Checking exceptions
2022-09-20 16:44:59,645:INFO:Importing libraries
2022-09-20 16:44:59,646:INFO:Copying training dataset
2022-09-20 16:44:59,883:INFO:Defining folds
2022-09-20 16:44:59,884:INFO:Declaring metric variables
2022-09-20 16:44:59,910:INFO:Importing untrained model
2022-09-20 16:44:59,938:INFO:Extra Trees Classifier Imported succesfully
2022-09-20 16:45:00,010:INFO:Starting cross validation
2022-09-20 16:45:00,013:INFO:Cross validating with StratifiedKFold(n_splits=10, random_state=None, shuffle=False), n_jobs=-1
2022-09-20 16:45:02,430:INFO:Calculating mean and std
2022-09-20 16:45:02,434:INFO:Creating metrics dataframe
2022-09-20 16:45:02,456:INFO:Uploading results into container
2022-09-20 16:45:02,456:INFO:Uploading model into container now
2022-09-20 16:45:02,457:INFO:create_model_container: 16
2022-09-20 16:45:02,457:INFO:master_model_container: 16
2022-09-20 16:45:02,457:INFO:display_container: 2
2022-09-20 16:45:02,459:INFO:ExtraTreesClassifier(bootstrap=False, ccp_alpha=0.0, class_weight=None,
                     criterion='gini', max_depth=None, max_features='auto',
                     max_leaf_nodes=None, max_samples=None,
                     min_impurity_decrease=0.0, min_impurity_split=None,
                     min_samples_leaf=1, min_samples_split=2,
                     min_weight_fraction_leaf=0.0, n_estimators=100, n_jobs=-1,
                     oob_score=False, random_state=0, verbose=0,
                     warm_start=False)
2022-09-20 16:45:02,459:INFO:create_model() succesfully completed......................................
2022-09-20 16:45:02,751:INFO:SubProcess create_model() end ==================================
2022-09-20 16:45:02,751:INFO:Creating metrics dataframe
2022-09-20 16:45:02,811:INFO:Initializing Extreme Gradient Boosting
2022-09-20 16:45:02,811:INFO:Total runtime is 2.2258702158927917 minutes
2022-09-20 16:45:02,862:INFO:SubProcess create_model() called ==================================
2022-09-20 16:45:02,865:INFO:Initializing create_model()
2022-09-20 16:45:02,865:INFO:create_model(estimator=xgboost, fold=StratifiedKFold(n_splits=10, random_state=None, shuffle=False), round=4, cross_validation=True, predict=True, fit_kwargs={}, groups=None, refit=False, verbose=False, system=False, metrics=None, experiment_custom_tags=None, add_to_model_list=True, probability_threshold=None, display=<pycaret.internal.Display.Display object at 0x000001DB49519190>, return_train_score=False, kwargs={})
2022-09-20 16:45:02,866:INFO:Checking exceptions
2022-09-20 16:45:02,867:INFO:Importing libraries
2022-09-20 16:45:02,868:INFO:Copying training dataset
2022-09-20 16:45:03,121:INFO:Defining folds
2022-09-20 16:45:03,121:INFO:Declaring metric variables
2022-09-20 16:45:03,157:INFO:Importing untrained model
2022-09-20 16:45:03,189:INFO:Extreme Gradient Boosting Imported succesfully
2022-09-20 16:45:03,263:INFO:Starting cross validation
2022-09-20 16:45:03,266:INFO:Cross validating with StratifiedKFold(n_splits=10, random_state=None, shuffle=False), n_jobs=-1
2022-09-20 16:45:04,448:INFO:Calculating mean and std
2022-09-20 16:45:04,449:INFO:Creating metrics dataframe
2022-09-20 16:45:04,469:INFO:Uploading results into container
2022-09-20 16:45:04,469:INFO:Uploading model into container now
2022-09-20 16:45:04,471:INFO:create_model_container: 17
2022-09-20 16:45:04,472:INFO:master_model_container: 17
2022-09-20 16:45:04,472:INFO:display_container: 2
2022-09-20 16:45:04,477:INFO:XGBClassifier(base_score=None, booster='gbtree', callbacks=None,
              colsample_bylevel=None, colsample_bynode=None,
              colsample_bytree=None, early_stopping_rounds=None,
              enable_categorical=False, eval_metric=None, gamma=None,
              gpu_id=None, grow_policy=None, importance_type=None,
              interaction_constraints=None, learning_rate=None, max_bin=None,
              max_cat_to_onehot=None, max_delta_step=None, max_depth=None,
              max_leaves=None, min_child_weight=None, missing=nan,
              monotone_constraints=None, n_estimators=100, n_jobs=-1,
              num_parallel_tree=None, objective='binary:logistic',
              predictor=None, random_state=0, reg_alpha=None, ...)
2022-09-20 16:45:04,478:INFO:create_model() succesfully completed......................................
2022-09-20 16:45:04,730:WARNING:create_model() for XGBClassifier(base_score=None, booster='gbtree', callbacks=None,
              colsample_bylevel=None, colsample_bynode=None,
              colsample_bytree=None, early_stopping_rounds=None,
              enable_categorical=False, eval_metric=None, gamma=None,
              gpu_id=None, grow_policy=None, importance_type=None,
              interaction_constraints=None, learning_rate=None, max_bin=None,
              max_cat_to_onehot=None, max_delta_step=None, max_depth=None,
              max_leaves=None, min_child_weight=None, missing=nan,
              monotone_constraints=None, n_estimators=100, n_jobs=-1,
              num_parallel_tree=None, objective='binary:logistic',
              predictor=None, random_state=0, reg_alpha=None, ...) raised an exception or returned all 0.0, trying without fit_kwargs:
2022-09-20 16:45:04,732:WARNING:Traceback (most recent call last):
  File "c:\Users\kevmi\anaconda3\lib\site-packages\pycaret\internal\tabular.py", line 2205, in compare_models
    assert np.sum(model_results.iloc[0]) != 0.0
AssertionError

2022-09-20 16:45:04,732:INFO:Initializing create_model()
2022-09-20 16:45:04,732:INFO:create_model(estimator=xgboost, fold=StratifiedKFold(n_splits=10, random_state=None, shuffle=False), round=4, cross_validation=True, predict=True, fit_kwargs={}, groups=None, refit=False, verbose=False, system=False, metrics=None, experiment_custom_tags=None, add_to_model_list=True, probability_threshold=None, display=<pycaret.internal.Display.Display object at 0x000001DB49519190>, return_train_score=False, kwargs={})
2022-09-20 16:45:04,732:INFO:Checking exceptions
2022-09-20 16:45:04,732:INFO:Importing libraries
2022-09-20 16:45:04,734:INFO:Copying training dataset
2022-09-20 16:45:04,889:INFO:Defining folds
2022-09-20 16:45:04,889:INFO:Declaring metric variables
2022-09-20 16:45:04,909:INFO:Importing untrained model
2022-09-20 16:45:04,929:INFO:Extreme Gradient Boosting Imported succesfully
2022-09-20 16:45:04,972:INFO:Starting cross validation
2022-09-20 16:45:04,978:INFO:Cross validating with StratifiedKFold(n_splits=10, random_state=None, shuffle=False), n_jobs=-1
2022-09-20 16:45:05,858:INFO:Calculating mean and std
2022-09-20 16:45:05,860:INFO:Creating metrics dataframe
2022-09-20 16:45:05,867:INFO:Uploading results into container
2022-09-20 16:45:05,867:INFO:Uploading model into container now
2022-09-20 16:45:05,867:INFO:create_model_container: 18
2022-09-20 16:45:05,867:INFO:master_model_container: 18
2022-09-20 16:45:05,867:INFO:display_container: 2
2022-09-20 16:45:05,867:INFO:XGBClassifier(base_score=None, booster='gbtree', callbacks=None,
              colsample_bylevel=None, colsample_bynode=None,
              colsample_bytree=None, early_stopping_rounds=None,
              enable_categorical=False, eval_metric=None, gamma=None,
              gpu_id=None, grow_policy=None, importance_type=None,
              interaction_constraints=None, learning_rate=None, max_bin=None,
              max_cat_to_onehot=None, max_delta_step=None, max_depth=None,
              max_leaves=None, min_child_weight=None, missing=nan,
              monotone_constraints=None, n_estimators=100, n_jobs=-1,
              num_parallel_tree=None, objective='binary:logistic',
              predictor=None, random_state=0, reg_alpha=None, ...)
2022-09-20 16:45:05,867:INFO:create_model() succesfully completed......................................
2022-09-20 16:45:06,069:ERROR:create_model() for XGBClassifier(base_score=None, booster='gbtree', callbacks=None,
              colsample_bylevel=None, colsample_bynode=None,
              colsample_bytree=None, early_stopping_rounds=None,
              enable_categorical=False, eval_metric=None, gamma=None,
              gpu_id=None, grow_policy=None, importance_type=None,
              interaction_constraints=None, learning_rate=None, max_bin=None,
              max_cat_to_onehot=None, max_delta_step=None, max_depth=None,
              max_leaves=None, min_child_weight=None, missing=nan,
              monotone_constraints=None, n_estimators=100, n_jobs=-1,
              num_parallel_tree=None, objective='binary:logistic',
              predictor=None, random_state=0, reg_alpha=None, ...) raised an exception or returned all 0.0:
2022-09-20 16:45:06,069:ERROR:Traceback (most recent call last):
  File "c:\Users\kevmi\anaconda3\lib\site-packages\pycaret\internal\tabular.py", line 2205, in compare_models
    assert np.sum(model_results.iloc[0]) != 0.0
AssertionError

During handling of the above exception, another exception occurred:

Traceback (most recent call last):
  File "c:\Users\kevmi\anaconda3\lib\site-packages\pycaret\internal\tabular.py", line 2214, in compare_models
    assert np.sum(model_results.iloc[0]) != 0.0
AssertionError

2022-09-20 16:45:06,069:INFO:Initializing Light Gradient Boosting Machine
2022-09-20 16:45:06,069:INFO:Total runtime is 2.2801712075869243 minutes
2022-09-20 16:45:06,086:INFO:SubProcess create_model() called ==================================
2022-09-20 16:45:06,087:INFO:Initializing create_model()
2022-09-20 16:45:06,088:INFO:create_model(estimator=lightgbm, fold=StratifiedKFold(n_splits=10, random_state=None, shuffle=False), round=4, cross_validation=True, predict=True, fit_kwargs={}, groups=None, refit=False, verbose=False, system=False, metrics=None, experiment_custom_tags=None, add_to_model_list=True, probability_threshold=None, display=<pycaret.internal.Display.Display object at 0x000001DB49519190>, return_train_score=False, kwargs={})
2022-09-20 16:45:06,089:INFO:Checking exceptions
2022-09-20 16:45:06,089:INFO:Importing libraries
2022-09-20 16:45:06,089:INFO:Copying training dataset
2022-09-20 16:45:06,255:INFO:Defining folds
2022-09-20 16:45:06,255:INFO:Declaring metric variables
2022-09-20 16:45:06,286:INFO:Importing untrained model
2022-09-20 16:45:06,311:INFO:Light Gradient Boosting Machine Imported succesfully
2022-09-20 16:45:06,350:INFO:Starting cross validation
2022-09-20 16:45:06,352:INFO:Cross validating with StratifiedKFold(n_splits=10, random_state=None, shuffle=False), n_jobs=-1
2022-09-20 16:45:12,120:INFO:Calculating mean and std
2022-09-20 16:45:12,122:INFO:Creating metrics dataframe
2022-09-20 16:45:12,142:INFO:Uploading results into container
2022-09-20 16:45:12,142:INFO:Uploading model into container now
2022-09-20 16:45:12,142:INFO:create_model_container: 19
2022-09-20 16:45:12,142:INFO:master_model_container: 19
2022-09-20 16:45:12,142:INFO:display_container: 2
2022-09-20 16:45:12,148:INFO:LGBMClassifier(boosting_type='gbdt', class_weight=None, colsample_bytree=1.0,
               importance_type='split', learning_rate=0.1, max_depth=-1,
               min_child_samples=20, min_child_weight=0.001, min_split_gain=0.0,
               n_estimators=100, n_jobs=-1, num_leaves=31, objective=None,
               random_state=0, reg_alpha=0.0, reg_lambda=0.0, silent='warn',
               subsample=1.0, subsample_for_bin=200000, subsample_freq=0)
2022-09-20 16:45:12,148:INFO:create_model() succesfully completed......................................
2022-09-20 16:45:12,510:INFO:SubProcess create_model() end ==================================
2022-09-20 16:45:12,510:INFO:Creating metrics dataframe
2022-09-20 16:45:12,571:INFO:Initializing CatBoost Classifier
2022-09-20 16:45:12,572:INFO:Total runtime is 2.38856246471405 minutes
2022-09-20 16:45:12,605:INFO:SubProcess create_model() called ==================================
2022-09-20 16:45:12,606:INFO:Initializing create_model()
2022-09-20 16:45:12,606:INFO:create_model(estimator=catboost, fold=StratifiedKFold(n_splits=10, random_state=None, shuffle=False), round=4, cross_validation=True, predict=True, fit_kwargs={}, groups=None, refit=False, verbose=False, system=False, metrics=None, experiment_custom_tags=None, add_to_model_list=True, probability_threshold=None, display=<pycaret.internal.Display.Display object at 0x000001DB49519190>, return_train_score=False, kwargs={})
2022-09-20 16:45:12,607:INFO:Checking exceptions
2022-09-20 16:45:12,607:INFO:Importing libraries
2022-09-20 16:45:12,608:INFO:Copying training dataset
2022-09-20 16:45:12,897:INFO:Defining folds
2022-09-20 16:45:12,897:INFO:Declaring metric variables
2022-09-20 16:45:12,931:INFO:Importing untrained model
2022-09-20 16:45:13,009:INFO:CatBoost Classifier Imported succesfully
2022-09-20 16:45:13,098:INFO:Starting cross validation
2022-09-20 16:45:13,105:INFO:Cross validating with StratifiedKFold(n_splits=10, random_state=None, shuffle=False), n_jobs=-1
2022-09-20 16:45:14,867:INFO:Calculating mean and std
2022-09-20 16:45:14,871:INFO:Creating metrics dataframe
2022-09-20 16:45:14,890:INFO:Uploading results into container
2022-09-20 16:45:14,890:INFO:Uploading model into container now
2022-09-20 16:45:14,890:INFO:create_model_container: 20
2022-09-20 16:45:14,892:INFO:master_model_container: 20
2022-09-20 16:45:14,892:INFO:display_container: 2
2022-09-20 16:45:14,892:INFO:<catboost.core.CatBoostClassifier object at 0x000001DB4EA7D820>
2022-09-20 16:45:14,892:INFO:create_model() succesfully completed......................................
2022-09-20 16:45:15,187:WARNING:create_model() for <catboost.core.CatBoostClassifier object at 0x000001DB4EA7D820> raised an exception or returned all 0.0, trying without fit_kwargs:
2022-09-20 16:45:15,188:WARNING:Traceback (most recent call last):
  File "c:\Users\kevmi\anaconda3\lib\site-packages\pycaret\internal\tabular.py", line 2205, in compare_models
    assert np.sum(model_results.iloc[0]) != 0.0
AssertionError

2022-09-20 16:45:15,189:INFO:Initializing create_model()
2022-09-20 16:45:15,189:INFO:create_model(estimator=catboost, fold=StratifiedKFold(n_splits=10, random_state=None, shuffle=False), round=4, cross_validation=True, predict=True, fit_kwargs={}, groups=None, refit=False, verbose=False, system=False, metrics=None, experiment_custom_tags=None, add_to_model_list=True, probability_threshold=None, display=<pycaret.internal.Display.Display object at 0x000001DB49519190>, return_train_score=False, kwargs={})
2022-09-20 16:45:15,190:INFO:Checking exceptions
2022-09-20 16:45:15,190:INFO:Importing libraries
2022-09-20 16:45:15,190:INFO:Copying training dataset
2022-09-20 16:45:15,379:INFO:Defining folds
2022-09-20 16:45:15,379:INFO:Declaring metric variables
2022-09-20 16:45:15,397:INFO:Importing untrained model
2022-09-20 16:45:15,417:INFO:CatBoost Classifier Imported succesfully
2022-09-20 16:45:15,464:INFO:Starting cross validation
2022-09-20 16:45:15,464:INFO:Cross validating with StratifiedKFold(n_splits=10, random_state=None, shuffle=False), n_jobs=-1
2022-09-20 16:45:18,734:INFO:Calculating mean and std
2022-09-20 16:45:18,736:INFO:Creating metrics dataframe
2022-09-20 16:45:18,750:INFO:Uploading results into container
2022-09-20 16:45:18,750:INFO:Uploading model into container now
2022-09-20 16:45:18,756:INFO:create_model_container: 21
2022-09-20 16:45:18,756:INFO:master_model_container: 21
2022-09-20 16:45:18,757:INFO:display_container: 2
2022-09-20 16:45:18,757:INFO:<catboost.core.CatBoostClassifier object at 0x000001DB4CFA7250>
2022-09-20 16:45:18,757:INFO:create_model() succesfully completed......................................
2022-09-20 16:45:19,050:ERROR:create_model() for <catboost.core.CatBoostClassifier object at 0x000001DB4CFA7250> raised an exception or returned all 0.0:
2022-09-20 16:45:19,050:ERROR:Traceback (most recent call last):
  File "c:\Users\kevmi\anaconda3\lib\site-packages\pycaret\internal\tabular.py", line 2205, in compare_models
    assert np.sum(model_results.iloc[0]) != 0.0
AssertionError

During handling of the above exception, another exception occurred:

Traceback (most recent call last):
  File "c:\Users\kevmi\anaconda3\lib\site-packages\pycaret\internal\tabular.py", line 2214, in compare_models
    assert np.sum(model_results.iloc[0]) != 0.0
AssertionError

2022-09-20 16:45:19,054:INFO:Initializing Dummy Classifier
2022-09-20 16:45:19,054:INFO:Total runtime is 2.4966012120246885 minutes
2022-09-20 16:45:19,075:INFO:SubProcess create_model() called ==================================
2022-09-20 16:45:19,076:INFO:Initializing create_model()
2022-09-20 16:45:19,076:INFO:create_model(estimator=dummy, fold=StratifiedKFold(n_splits=10, random_state=None, shuffle=False), round=4, cross_validation=True, predict=True, fit_kwargs={}, groups=None, refit=False, verbose=False, system=False, metrics=None, experiment_custom_tags=None, add_to_model_list=True, probability_threshold=None, display=<pycaret.internal.Display.Display object at 0x000001DB49519190>, return_train_score=False, kwargs={})
2022-09-20 16:45:19,077:INFO:Checking exceptions
2022-09-20 16:45:19,077:INFO:Importing libraries
2022-09-20 16:45:19,077:INFO:Copying training dataset
2022-09-20 16:45:19,225:INFO:Defining folds
2022-09-20 16:45:19,227:INFO:Declaring metric variables
2022-09-20 16:45:19,245:INFO:Importing untrained model
2022-09-20 16:45:19,262:INFO:Dummy Classifier Imported succesfully
2022-09-20 16:45:19,303:INFO:Starting cross validation
2022-09-20 16:45:19,305:INFO:Cross validating with StratifiedKFold(n_splits=10, random_state=None, shuffle=False), n_jobs=-1
2022-09-20 16:45:20,147:INFO:Calculating mean and std
2022-09-20 16:45:20,149:INFO:Creating metrics dataframe
2022-09-20 16:45:20,160:INFO:Uploading results into container
2022-09-20 16:45:20,160:INFO:Uploading model into container now
2022-09-20 16:45:20,160:INFO:create_model_container: 22
2022-09-20 16:45:20,168:INFO:master_model_container: 22
2022-09-20 16:45:20,168:INFO:display_container: 2
2022-09-20 16:45:20,169:INFO:DummyClassifier(constant=None, random_state=0, strategy='prior')
2022-09-20 16:45:20,169:INFO:create_model() succesfully completed......................................
2022-09-20 16:45:20,501:INFO:SubProcess create_model() end ==================================
2022-09-20 16:45:20,501:INFO:Creating metrics dataframe
2022-09-20 16:45:20,639:INFO:Initializing create_model()
2022-09-20 16:45:20,643:INFO:create_model(estimator=KNeighborsClassifier(algorithm='auto', leaf_size=30, metric='minkowski',
                     metric_params=None, n_jobs=-1, n_neighbors=5, p=2,
                     weights='uniform'), fold=StratifiedKFold(n_splits=10, random_state=None, shuffle=False), round=4, cross_validation=False, predict=False, fit_kwargs={}, groups=None, refit=True, verbose=False, system=False, metrics=None, experiment_custom_tags=None, add_to_model_list=True, probability_threshold=None, display=None, return_train_score=False, kwargs={})
2022-09-20 16:45:20,643:INFO:Checking exceptions
2022-09-20 16:45:20,644:INFO:Importing libraries
2022-09-20 16:45:20,644:INFO:Copying training dataset
2022-09-20 16:45:20,844:INFO:Defining folds
2022-09-20 16:45:20,844:INFO:Declaring metric variables
2022-09-20 16:45:20,844:INFO:Importing untrained model
2022-09-20 16:45:20,844:INFO:Declaring custom model
2022-09-20 16:45:20,844:INFO:K Neighbors Classifier Imported succesfully
2022-09-20 16:45:20,844:INFO:Cross validation set to False
2022-09-20 16:45:20,844:INFO:Fitting Model
2022-09-20 16:45:35,572:INFO:KNeighborsClassifier(algorithm='auto', leaf_size=30, metric='minkowski',
                     metric_params=None, n_jobs=-1, n_neighbors=5, p=2,
                     weights='uniform')
2022-09-20 16:45:35,572:INFO:create_models() succesfully completed......................................
2022-09-20 16:45:35,839:INFO:create_model_container: 22
2022-09-20 16:45:35,840:INFO:master_model_container: 22
2022-09-20 16:45:35,840:INFO:display_container: 2
2022-09-20 16:45:35,841:INFO:KNeighborsClassifier(algorithm='auto', leaf_size=30, metric='minkowski',
                     metric_params=None, n_jobs=-1, n_neighbors=5, p=2,
                     weights='uniform')
2022-09-20 16:45:35,842:INFO:compare_models() succesfully completed......................................
